<?xml version="1.0" encoding="UTF-8"?>
<mule xmlns="http://www.mulesoft.org/schema/mule/core"
      xmlns:xsi="http://www.w3.org/2001/XMLSchema-instance" xmlns:spring="http://www.springframework.org/schema/beans"
      xmlns:jms="http://www.mulesoft.org/schema/mule/jms"
      xmlns:test="http://www.mulesoft.org/schema/mule/test"
      xsi:schemaLocation="
        http://www.springframework.org/schema/beans http://www.springframework.org/schema/beans/spring-beans-2.5.xsd
          http://www.mulesoft.org/schema/mule/core http://www.mulesoft.org/schema/mule/core/3.0/mule.xsd
          http://www.mulesoft.org/schema/mule/test http://www.mulesoft.org/schema/mule/test/3.0/mule-test.xsd
          http://www.mulesoft.org/schema/mule/jms http://www.mulesoft.org/schema/mule/jms/3.0/mule-jms.xsd">

    <spring:bean name="velocityEngine"
                 class="org.springframework.ui.velocity.VelocityEngineFactoryBean">
        <spring:property name="resourceLoaderPath" value="classpath:templates"/>
    </spring:bean>

    <custom-transformer name="velocityPayloadTransformer"
                        class="com.muleinaction.transformer.VelocityPayloadTransformer">
        <spring:property name="velocityEngine" ref="velocityEngine"/>
        <spring:property name="templateName" value="test-payload.vm"/>
    </custom-transformer>

    <jms:activemq-connector name="jmsConnector" specification="1.1" brokerURL="vm://localhost"/>

    <model name="FunctionalTestModel">

        <default-service-exception-strategy>
            <jms:outbound-endpoint queue="errors"/>
        </default-service-exception-strategy>
        <service name="FunctionalTestService">
            <inbound>
                <jms:inbound-endpoint queue="in"/>
            </inbound>       
            <test:component exceptionToThrow="java.lang.RuntimeException" throwException="true"/>
            <outbound>
                <pass-through-router>
                    <jms:outbound-endpoint queue="out">
                        
                            <transformer ref="velocityPayloadTransformer"/>
                            <jms:object-to-jmsmessage-transformer/>
                        
                    </jms:outbound-endpoint>
                </pass-through-router>
            </outbound>
        </service>


    </model>
</mule>
